<?xml version="1.0" encoding="UTF-8"?>
<testsuite xmlns:xsi="http://www.w3.org/2001/XMLSchema-instance" xsi:noNamespaceSchemaLocation="https://maven.apache.org/surefire/maven-surefire-plugin/xsd/surefire-test-report.xsd" name="com.example.FunctionTest" time="0.381" tests="1" errors="0" skipped="0" failures="0">
  <properties>
    <property name="java.specification.version" value="14"/>
    <property name="sun.jnu.encoding" value="UTF-8"/>
    <property name="java.class.path" value="/Users/rschneeman/java-project-from-template/functions/debuglogsjava/target/test-classes:/Users/rschneeman/java-project-from-template/functions/debuglogsjava/target/classes:/Users/rschneeman/.m2/repository/com/salesforce/functions/sf-fx-sdk-java/1.0.0/sf-fx-sdk-java-1.0.0.jar:/Users/rschneeman/.m2/repository/org/slf4j/slf4j-api/1.7.30/slf4j-api-1.7.30.jar:/Users/rschneeman/.m2/repository/junit/junit/4.13.1/junit-4.13.1.jar:/Users/rschneeman/.m2/repository/org/hamcrest/hamcrest-core/1.3/hamcrest-core-1.3.jar:/Users/rschneeman/.m2/repository/org/mockito/mockito-core/3.6.28/mockito-core-3.6.28.jar:/Users/rschneeman/.m2/repository/net/bytebuddy/byte-buddy/1.10.18/byte-buddy-1.10.18.jar:/Users/rschneeman/.m2/repository/net/bytebuddy/byte-buddy-agent/1.10.18/byte-buddy-agent-1.10.18.jar:/Users/rschneeman/.m2/repository/org/objenesis/objenesis/3.1/objenesis-3.1.jar:/Users/rschneeman/.m2/repository/org/hamcrest/hamcrest/2.2/hamcrest-2.2.jar:/Users/rschneeman/.m2/repository/com/spotify/hamcrest-pojo/1.2.0/hamcrest-pojo-1.2.0.jar:/Users/rschneeman/.m2/repository/com/google/guava/guava/18.0/guava-18.0.jar:/Users/rschneeman/.m2/repository/com/spotify/hamcrest-util/1.2.0/hamcrest-util-1.2.0.jar:"/>
    <property name="java.vm.vendor" value="AdoptOpenJDK"/>
    <property name="sun.arch.data.model" value="64"/>
    <property name="java.vendor.url" value="https://adoptopenjdk.net/"/>
    <property name="os.name" value="Mac OS X"/>
    <property name="java.vm.specification.version" value="14"/>
    <property name="sun.java.launcher" value="SUN_STANDARD"/>
    <property name="user.country" value="US"/>
    <property name="sun.boot.library.path" value="/Library/Java/JavaVirtualMachines/adoptopenjdk-14.jdk/Contents/Home/lib"/>
    <property name="sun.java.command" value="/Users/rschneeman/java-project-from-template/functions/debuglogsjava/target/surefire/surefirebooter8317473430470767248.jar /Users/rschneeman/java-project-from-template/functions/debuglogsjava/target/surefire 2021-10-05T15-45-00_922-jvmRun1 surefire3094565829411354694tmp surefire_02883696723395020444tmp"/>
    <property name="jdk.debug" value="release"/>
    <property name="surefire.test.class.path" value="/Users/rschneeman/java-project-from-template/functions/debuglogsjava/target/test-classes:/Users/rschneeman/java-project-from-template/functions/debuglogsjava/target/classes:/Users/rschneeman/.m2/repository/com/salesforce/functions/sf-fx-sdk-java/1.0.0/sf-fx-sdk-java-1.0.0.jar:/Users/rschneeman/.m2/repository/org/slf4j/slf4j-api/1.7.30/slf4j-api-1.7.30.jar:/Users/rschneeman/.m2/repository/junit/junit/4.13.1/junit-4.13.1.jar:/Users/rschneeman/.m2/repository/org/hamcrest/hamcrest-core/1.3/hamcrest-core-1.3.jar:/Users/rschneeman/.m2/repository/org/mockito/mockito-core/3.6.28/mockito-core-3.6.28.jar:/Users/rschneeman/.m2/repository/net/bytebuddy/byte-buddy/1.10.18/byte-buddy-1.10.18.jar:/Users/rschneeman/.m2/repository/net/bytebuddy/byte-buddy-agent/1.10.18/byte-buddy-agent-1.10.18.jar:/Users/rschneeman/.m2/repository/org/objenesis/objenesis/3.1/objenesis-3.1.jar:/Users/rschneeman/.m2/repository/org/hamcrest/hamcrest/2.2/hamcrest-2.2.jar:/Users/rschneeman/.m2/repository/com/spotify/hamcrest-pojo/1.2.0/hamcrest-pojo-1.2.0.jar:/Users/rschneeman/.m2/repository/com/google/guava/guava/18.0/guava-18.0.jar:/Users/rschneeman/.m2/repository/com/spotify/hamcrest-util/1.2.0/hamcrest-util-1.2.0.jar:"/>
    <property name="sun.cpu.endian" value="little"/>
    <property name="user.home" value="/Users/rschneeman"/>
    <property name="user.language" value="en"/>
    <property name="java.specification.vendor" value="Oracle Corporation"/>
    <property name="java.version.date" value="2020-07-14"/>
    <property name="java.home" value="/Library/Java/JavaVirtualMachines/adoptopenjdk-14.jdk/Contents/Home"/>
    <property name="file.separator" value="/"/>
    <property name="basedir" value="/Users/rschneeman/java-project-from-template/functions/debuglogsjava"/>
    <property name="java.vm.compressedOopsMode" value="Zero based"/>
    <property name="line.separator" value="&#10;"/>
    <property name="java.vm.specification.vendor" value="Oracle Corporation"/>
    <property name="java.specification.name" value="Java Platform API Specification"/>
    <property name="surefire.real.class.path" value="/Users/rschneeman/java-project-from-template/functions/debuglogsjava/target/surefire/surefirebooter8317473430470767248.jar"/>
    <property name="sun.management.compiler" value="HotSpot 64-Bit Tiered Compilers"/>
    <property name="java.runtime.version" value="14.0.2+12"/>
    <property name="user.name" value="rschneeman"/>
    <property name="path.separator" value=":"/>
    <property name="os.version" value="10.16"/>
    <property name="java.runtime.name" value="OpenJDK Runtime Environment"/>
    <property name="file.encoding" value="UTF-8"/>
    <property name="java.vm.name" value="OpenJDK 64-Bit Server VM"/>
    <property name="java.vendor.version" value="AdoptOpenJDK"/>
    <property name="localRepository" value="/Users/rschneeman/.m2/repository"/>
    <property name="java.vendor.url.bug" value="https://github.com/AdoptOpenJDK/openjdk-support/issues"/>
    <property name="java.io.tmpdir" value="/var/folders/b5/6sd8s7l16lqdll3_kzc0shy00000gq/T/"/>
    <property name="java.version" value="14.0.2"/>
    <property name="user.dir" value="/Users/rschneeman/java-project-from-template/functions/debuglogsjava"/>
    <property name="os.arch" value="x86_64"/>
    <property name="java.vm.specification.name" value="Java Virtual Machine Specification"/>
    <property name="java.library.path" value="/Users/rschneeman/Library/Java/Extensions:/Library/Java/Extensions:/Network/Library/Java/Extensions:/System/Library/Java/Extensions:/usr/lib/java:."/>
    <property name="java.vm.info" value="mixed mode, sharing"/>
    <property name="java.vendor" value="AdoptOpenJDK"/>
    <property name="java.vm.version" value="14.0.2+12"/>
    <property name="sun.io.unicode.encoding" value="UnicodeBig"/>
    <property name="java.class.version" value="58.0"/>
  </properties>
  <testcase name="test" classname="com.example.FunctionTest" time="0.351"/>
</testsuite>